
								p gina: 1 

 Listado Fuente: ejer4.LST
 Programa Fuente en: ejer4.ASM
 Fecha: Fri Jun 24 19:51:10 2022

 ÚDir.ÚCodigo maquina	 Linea¿	ÚCodigo en lenguaje ensamble

			      1	ORG 1000h
 1000 CA		      2	NUM0 DB 0CAh
 1001 00		      3	NUM1 DB 0
 1002 00 07		      4	NUM2 DW ?
 1004 CD AB		      5	NUM3 DW 0ABCDh
 1006 CD AB		      6	NUM4 DW ?
			      7	 ORG 2000H
Aviso: Directiva ORG ignorada..
			      8	 ORG 2000H
 2000 8A 1E 00 10	      9	 MOV BL, NUM0
 2004 B7 FF		     10	 MOV BH, 0FFh
 2006 8A EB		     11	 MOV CH, BL
 2008 8B C3		     12	 MOV AX, BX
 200A 88 06 01 10	     13	 MOV NUM1, AL
 200E C7 06 02 10 34 12	     14	 MOV NUM2, 1234h
 2014 BB 04 10		     15	 MOV BX, OFFSET NUM3
 2017 8A 17		     16	 MOV DL, [BX]
 2019 8B 07		     17	 MOV AX, [BX]
 201B BB 06 10		     18	 MOV BX, 1006h
 201E C7 07 EF CD	     19	 MOV WORD PTR [BX], 0CDEFh
 2022 F4		     20	 HLT
